[35m[Appium][39m Welcome to Appium v1.22.3
[35m[Appium][39m Non-default server args:
[35m[Appium][39m   port: 55722
[35m[Appium][39m   loglevel: info
[35m[Appium][39m   tmpDir: C:\Users\warda\AppData\Local\Temp\\Katalon\Appium\Temp1680766432419
[35m[Appium][39m   chromedriverPort: 55723
[35m[Appium][39m Deprecated server args:
[35m[Appium][39m   [31m--chromedriver-port[39m => --default-capabilities
[35m[Appium][39m Default capabilities, which will be added to each request unless overridden by desired capabilities:
[35m[Appium][39m   chromedriverPort: 55723
[35m[Appium][39m Appium REST http interface listener started on 0.0.0.0:55722
[35m[HTTP][39m [37m-->[39m [37mGET[39m [37m/wd/hub/status[39m
[35m[HTTP][39m [90m{}[39m
[35m[HTTP][39m [37m<-- GET /wd/hub/status [39m[32m200[39m [90m4 ms - 68[39m
[35m[HTTP][39m [90m[39m
[35m[HTTP][39m [37m-->[39m [37mGET[39m [37m/wd/hub/status[39m
[35m[HTTP][39m [90m{}[39m
[35m[HTTP][39m [37m<-- GET /wd/hub/status [39m[32m200[39m [90m1 ms - 68[39m
[35m[HTTP][39m [90m[39m
[35m[HTTP][39m [37m-->[39m [37mPOST[39m [37m/wd/hub/session[39m
[35m[HTTP][39m [90m{"desiredCapabilities":{"app":"C:\\Users\\warda\\Katalon Studio\\TestCaseRealProduct\\mobileapp\\Happy Day Shopping_1.2_Apkpure.apk","noReset":true,"deviceName":"emulator-5554 (Android SDK built for x86 - Android 8.1.0)","fullReset":false,"platform":"ANDROID","newCommandTimeout":1800,"platformVersion":"8.1.0","automationName":"uiautomator2","autoGrantPermissions":true,"platformName":"Android","udid":"emulator-5554","systemPort":55729},"capabilities":{"firstMatch":[{"appium:app":"C:\\Users\\warda\\Katalon Studio\\TestCaseRealProduct\\mobileapp\\Happy Day Shopping_1.2_Apkpure.apk","appium:autoGrantPermissions":true,"appium:automationName":"uiautomator2","appium:deviceName":"emulator-5554 (Android SDK built for x86 - Android 8.1.0)","appium:fullReset":false,"appium:newCommandTimeout":1800,"appium:noReset":true,"platform":"ANDROID","platformName":"android","appium:platformVersion":"8.1.0","appium:systemPort":55729,"appium:udid":"emulator-5554"}]}}[39m
[35m[BaseDriver][39m The following capabilities are not standard capabilities and should have an extension prefix:
[35m[BaseDriver][39m   platform
[35m[BaseDriver][39m   chromedriverPort
[35m[Appium][39m Appium v1.22.3 creating new AndroidUiautomator2Driver (v1.70.1) session
[35m[BaseDriver][39m The following capabilities were provided, but are not recognized by Appium:
[35m[BaseDriver][39m   platform
[35m[BaseDriver][39m Session created with session id: 9e1eea7a-8d13-4cde-b163-6b38f3198e6b
[35m[BaseDriver][39m Using local app 'C:\Users\warda\Katalon Studio\TestCaseRealProduct\mobileapp\Happy Day Shopping_1.2_Apkpure.apk'
[35m[ADB][39m Found 1 'build-tools' folders under 'C:\Users\warda\.katalon\tools\android_sdk' (newest first):
[35m[ADB][39m     C:/Users/warda/.katalon/tools/android_sdk/build-tools/29.0.3
[35m[ADB][39m Using 'adb.exe' from 'C:\Users\warda\.katalon\tools\android_sdk\platform-tools\adb.exe'
[35m[AndroidDriver][39m Retrieving device list
[35m[AndroidDriver][39m Using device: emulator-5554
[35m[ADB][39m Using 'adb.exe' from 'C:\Users\warda\.katalon\tools\android_sdk\platform-tools\adb.exe'
[35m[ADB][39m Package name: 'com.ecwid.ShopAt.HappyDayShopping'
[35m[ADB][39m Main activity name: 'com.pb.MainActivity'
[35m[ADB][39m The application at 'C:\Users\warda\AppData\Roaming\npm\node_modules\appium\node_modules\io.appium.settings\apks\settings_apk-debug.apk' will not be cached, because the device under test has confirmed the support of streamed installs
[35m[ADB][39m The installation of 'settings_apk-debug.apk' took 870ms
[35m[ADB][39m Using 'apksigner.jar' from 'C:\Users\warda\.katalon\tools\android_sdk\build-tools\29.0.3\lib\apksigner.jar'
[35m[ADB][39m 'C:\Users\warda\AppData\Roaming\npm\node_modules\appium\node_modules\appium-uiautomator2-server\apks\appium-uiautomator2-server-v4.27.0.apk' is signed with the default certificate
[35m[ADB][39m 'C:\Users\warda\AppData\Roaming\npm\node_modules\appium\node_modules\appium-uiautomator2-server\apks\appium-uiautomator2-server-debug-androidTest.apk' is signed with the default certificate
[35m[UiAutomator2][39m Server packages are going to be (re)installed
[35m[ADB][39m The application at 'C:\Users\warda\AppData\Roaming\npm\node_modules\appium\node_modules\appium-uiautomator2-server\apks\appium-uiautomator2-server-v4.27.0.apk' will not be cached, because the device under test has confirmed the support of streamed installs
[35m[ADB][39m The installation of 'appium-uiautomator2-server-v4.27.0.apk' took 3097ms
[35m[ADB][39m The application at 'C:\Users\warda\AppData\Roaming\npm\node_modules\appium\node_modules\appium-uiautomator2-server\apks\appium-uiautomator2-server-debug-androidTest.apk' will not be cached, because the device under test has confirmed the support of streamed installs
[35m[ADB][39m The installation of 'appium-uiautomator2-server-debug-androidTest.apk' took 919ms
[35m[ADB][39m Adding packages ["io.appium.settings","io.appium.uiautomator2.server","io.appium.uiautomator2.server.test"] to Doze whitelist
[35m[ADB][39m 'C:\Users\warda\Katalon Studio\TestCaseRealProduct\mobileapp\Happy Day Shopping_1.2_Apkpure.apk' is signed with a non-default certificate
[35m[ADB][39m The application at 'C:\Users\warda\Katalon Studio\TestCaseRealProduct\mobileapp\Happy Day Shopping_1.2_Apkpure.apk' will not be cached, because the device under test has confirmed the support of streamed installs
[35m[ADB][39m The installation of 'Happy Day Shopping_1.2_Apkpure.apk' took 5558ms
[35m[UiAutomator2][39m Starting UIAutomator2 server 4.27.0
[35m[UiAutomator2][39m Using UIAutomator2 server from 'C:\Users\warda\AppData\Roaming\npm\node_modules\appium\node_modules\appium-uiautomator2-server\apks\appium-uiautomator2-server-v4.27.0.apk' and test from 'C:\Users\warda\AppData\Roaming\npm\node_modules\appium\node_modules\appium-uiautomator2-server\apks\appium-uiautomator2-server-debug-androidTest.apk'
[35m[UiAutomator2][39m Waiting up to 30000ms for UiAutomator2 to be online...
[35m[WD Proxy][39m socket hang up
[35m[WD Proxy][39m socket hang up
[35m[WD Proxy][39m socket hang up
[35m[WD Proxy][39m Determined the downstream protocol as 'W3C'
[35m[AndroidDriver][39m Screen already unlocked, doing nothing
[35m[UiAutomator2][39m Starting 'com.ecwid.ShopAt.HappyDayShopping/com.pb.MainActivity and waiting for 'com.ecwid.ShopAt.HappyDayShopping/com.pb.MainActivity'
[35m[Appium][39m New AndroidUiautomator2Driver session created successfully, session 9e1eea7a-8d13-4cde-b163-6b38f3198e6b added to master session list
[35m[HTTP][39m [37m<-- POST /wd/hub/session [39m[32m200[39m [90m20672 ms - 1426[39m
[35m[HTTP][39m [90m[39m
[35m[HTTP][39m [37m-->[39m [37mGET[39m [37m/wd/hub/session/9e1eea7a-8d13-4cde-b163-6b38f3198e6b[39m
[35m[HTTP][39m [90m{}[39m
[35m[HTTP][39m [37m<-- GET /wd/hub/session/9e1eea7a-8d13-4cde-b163-6b38f3198e6b [39m[32m200[39m [90m13 ms - 1380[39m
[35m[HTTP][39m [90m[39m
[35m[HTTP][39m [37m-->[39m [37mGET[39m [37m/wd/hub/session/9e1eea7a-8d13-4cde-b163-6b38f3198e6b[39m
[35m[HTTP][39m [90m{}[39m
[35m[HTTP][39m [37m<-- GET /wd/hub/session/9e1eea7a-8d13-4cde-b163-6b38f3198e6b [39m[32m200[39m [90m16 ms - 1380[39m
[35m[HTTP][39m [90m[39m
[35m[HTTP][39m [37m-->[39m [37mGET[39m [37m/wd/hub/status[39m
[35m[HTTP][39m [90m{}[39m
[35m[HTTP][39m [37m<-- GET /wd/hub/status [39m[32m200[39m [90m1 ms - 68[39m
[35m[HTTP][39m [90m[39m
[35m[HTTP][39m [37m-->[39m [37mPOST[39m [37m/wd/hub/session/9e1eea7a-8d13-4cde-b163-6b38f3198e6b/timeouts[39m
[35m[HTTP][39m [90m{"implicit":60000}[39m
[35m[HTTP][39m [37m<-- POST /wd/hub/session/9e1eea7a-8d13-4cde-b163-6b38f3198e6b/timeouts [39m[32m200[39m [90m4 ms - 14[39m
[35m[HTTP][39m [90m[39m
[35m[HTTP][39m [37m-->[39m [37mGET[39m [37m/wd/hub/session/9e1eea7a-8d13-4cde-b163-6b38f3198e6b/source[39m
[35m[HTTP][39m [90m{}[39m
[35m[W3C (9e1eea7a)][39m Driver proxy active, passing request on via HTTP proxy
[35m[WD Proxy][39m Replacing sessionId 168a2bed-1c9d-4495-8c90-3aa966b039ea with 9e1eea7a-8d13-4cde-b163-6b38f3198e6b
[35m[HTTP][39m [37m<-- GET /wd/hub/session/9e1eea7a-8d13-4cde-b163-6b38f3198e6b/source [39m[32m200[39m [90m116 ms - 1921[39m
[35m[HTTP][39m [90m[39m
[35m[HTTP][39m [37m-->[39m [37mGET[39m [37m/wd/hub/session/9e1eea7a-8d13-4cde-b163-6b38f3198e6b/screenshot[39m
[35m[HTTP][39m [90m{}[39m
[35m[HTTP][39m [37m<-- GET /wd/hub/session/9e1eea7a-8d13-4cde-b163-6b38f3198e6b/screenshot [39m[32m200[39m [90m741 ms - 271674[39m
[35m[HTTP][39m [90m[39m
[35m[HTTP][39m [37m-->[39m [37mGET[39m [37m/wd/hub/session/9e1eea7a-8d13-4cde-b163-6b38f3198e6b/source[39m
[35m[HTTP][39m [90m{}[39m
[35m[W3C (9e1eea7a)][39m Driver proxy active, passing request on via HTTP proxy
[35m[WD Proxy][39m Replacing sessionId 168a2bed-1c9d-4495-8c90-3aa966b039ea with 9e1eea7a-8d13-4cde-b163-6b38f3198e6b
[35m[HTTP][39m [37m<-- GET /wd/hub/session/9e1eea7a-8d13-4cde-b163-6b38f3198e6b/source [39m[32m200[39m [90m603 ms - 32645[39m
[35m[HTTP][39m [90m[39m
[35m[HTTP][39m [37m-->[39m [37mGET[39m [37m/wd/hub/session/9e1eea7a-8d13-4cde-b163-6b38f3198e6b/screenshot[39m
[35m[HTTP][39m [90m{}[39m
[35m[HTTP][39m [37m<-- GET /wd/hub/session/9e1eea7a-8d13-4cde-b163-6b38f3198e6b/screenshot [39m[32m200[39m [90m1300 ms - 2000212[39m
[35m[HTTP][39m [90m[39m
[35m[HTTP][39m [37m-->[39m [37mPOST[39m [37m/wd/hub/session/9e1eea7a-8d13-4cde-b163-6b38f3198e6b/elements[39m
[35m[HTTP][39m [90m{"using":"xpath","value":"//*[@class = 'android.view.ViewGroup' and (@text = '' or . = '')]"}[39m
[35m[HTTP][39m [37m<-- POST /wd/hub/session/9e1eea7a-8d13-4cde-b163-6b38f3198e6b/elements [39m[32m200[39m [90m823 ms - 4619[39m
[35m[HTTP][39m [90m[39m
[35m[HTTP][39m [37m-->[39m [37mPOST[39m [37m/wd/hub/session/9e1eea7a-8d13-4cde-b163-6b38f3198e6b/elements[39m
[35m[HTTP][39m [90m{"using":"-android uiautomator","value":"new UiSelector().className(\"android.view.ViewGroup\")"}[39m
[35m[HTTP][39m [37m<-- POST /wd/hub/session/9e1eea7a-8d13-4cde-b163-6b38f3198e6b/elements [39m[32m200[39m [90m348 ms - 4619[39m
[35m[HTTP][39m [90m[39m
[35m[HTTP][39m [37m-->[39m [37mGET[39m [37m/wd/hub/session/9e1eea7a-8d13-4cde-b163-6b38f3198e6b/window/rect[39m
[35m[HTTP][39m [90m{}[39m
[35m[HTTP][39m [37m<-- GET /wd/hub/session/9e1eea7a-8d13-4cde-b163-6b38f3198e6b/window/rect [39m[32m200[39m [90m15 ms - 50[39m
[35m[HTTP][39m [90m[39m
[35m[HTTP][39m [37m-->[39m [37mPOST[39m [37m/wd/hub/session/9e1eea7a-8d13-4cde-b163-6b38f3198e6b/elements[39m
[35m[HTTP][39m [90m{"using":"xpath","value":"//hierarchy/android.widget.FrameLayout[1]/android.widget.LinearLayout[1]/android.widget.FrameLayout[1]/android.widget.LinearLayout[1]/android.widget.FrameLayout[1]/android.widget.FrameLayout[1]/android.view.ViewGroup[1]/android.view.ViewGroup[2]/android.view.ViewGroup[1]/android.view.ViewGroup[1]/android.view.ViewGroup[1]/android.view.ViewGroup[1]/android.view.ViewGroup[1]/android.view.ViewGroup[1]/android.view.ViewGroup[1]/android.widget.ScrollView[1]/android.view.ViewGroup[1]/android.widget.ScrollView[1]/android.view.ViewGroup[1]/android.widget.ScrollView[1]/android.view.ViewGroup[1]/android.view.ViewGroup[2]/android.view.ViewGroup[1]/android.view.ViewGroup[1]/android.view.ViewGroup[1]"}[39m
[35m[HTTP][39m [37m<-- POST /wd/hub/session/9e1eea7a-8d13-4cde-b163-6b38f3198e6b/elements [39m[32m200[39m [90m168 ms - 139[39m
[35m[HTTP][39m [90m[39m
[35m[HTTP][39m [37m-->[39m [37mGET[39m [37m/wd/hub/session/9e1eea7a-8d13-4cde-b163-6b38f3198e6b/element/00000000-0000-0008-ffff-ffff0000007f/location[39m
[35m[HTTP][39m [90m{}[39m
[35m[W3C (9e1eea7a)][39m Driver proxy active, passing request on via HTTP proxy
[35m[WD Proxy][39m Replacing sessionId 168a2bed-1c9d-4495-8c90-3aa966b039ea with 9e1eea7a-8d13-4cde-b163-6b38f3198e6b
[35m[HTTP][39m [37m<-- GET /wd/hub/session/9e1eea7a-8d13-4cde-b163-6b38f3198e6b/element/00000000-0000-0008-ffff-ffff0000007f/location [39m[32m200[39m [90m18 ms - 78[39m
[35m[HTTP][39m [90m[39m
[35m[HTTP][39m [37m-->[39m [37mPOST[39m [37m/wd/hub/session/9e1eea7a-8d13-4cde-b163-6b38f3198e6b/element/00000000-0000-0008-ffff-ffff0000007f/click[39m
[35m[HTTP][39m [90m{"id":"00000000-0000-0008-ffff-ffff0000007f"}[39m
[35m[HTTP][39m [37m<-- POST /wd/hub/session/9e1eea7a-8d13-4cde-b163-6b38f3198e6b/element/00000000-0000-0008-ffff-ffff0000007f/click [39m[32m200[39m [90m38 ms - 14[39m
[35m[HTTP][39m [90m[39m
[35m[HTTP][39m [37m-->[39m [37mGET[39m [37m/wd/hub/session/9e1eea7a-8d13-4cde-b163-6b38f3198e6b/source[39m
[35m[HTTP][39m [90m{}[39m
[35m[W3C (9e1eea7a)][39m Driver proxy active, passing request on via HTTP proxy
[35m[WD Proxy][39m Replacing sessionId 168a2bed-1c9d-4495-8c90-3aa966b039ea with 9e1eea7a-8d13-4cde-b163-6b38f3198e6b
[35m[HTTP][39m [37m<-- GET /wd/hub/session/9e1eea7a-8d13-4cde-b163-6b38f3198e6b/source [39m[32m200[39m [90m730 ms - 44318[39m
[35m[HTTP][39m [90m[39m
[35m[HTTP][39m [37m-->[39m [37mGET[39m [37m/wd/hub/session/9e1eea7a-8d13-4cde-b163-6b38f3198e6b/screenshot[39m
[35m[HTTP][39m [90m{}[39m
[35m[HTTP][39m [37m<-- GET /wd/hub/session/9e1eea7a-8d13-4cde-b163-6b38f3198e6b/screenshot [39m[32m200[39m [90m392 ms - 96634[39m
[35m[HTTP][39m [90m[39m
[35m[HTTP][39m [37m-->[39m [37mGET[39m [37m/wd/hub/session/9e1eea7a-8d13-4cde-b163-6b38f3198e6b/source[39m
[35m[HTTP][39m [90m{}[39m
[35m[W3C (9e1eea7a)][39m Driver proxy active, passing request on via HTTP proxy
[35m[WD Proxy][39m Replacing sessionId 168a2bed-1c9d-4495-8c90-3aa966b039ea with 9e1eea7a-8d13-4cde-b163-6b38f3198e6b
[35m[HTTP][39m [37m<-- GET /wd/hub/session/9e1eea7a-8d13-4cde-b163-6b38f3198e6b/source [39m[32m200[39m [90m623 ms - 42348[39m
[35m[HTTP][39m [90m[39m
[35m[HTTP][39m [37m-->[39m [37mGET[39m [37m/wd/hub/session/9e1eea7a-8d13-4cde-b163-6b38f3198e6b/screenshot[39m
[35m[HTTP][39m [90m{}[39m
[35m[HTTP][39m [37m<-- GET /wd/hub/session/9e1eea7a-8d13-4cde-b163-6b38f3198e6b/screenshot [39m[32m200[39m [90m493 ms - 657072[39m
[35m[HTTP][39m [90m[39m
[35m[HTTP][39m [37m-->[39m [37mPOST[39m [37m/wd/hub/session/9e1eea7a-8d13-4cde-b163-6b38f3198e6b/elements[39m
[35m[HTTP][39m [90m{"using":"xpath","value":"//*[@class = 'android.widget.TextView' and (@text = 'Belo Sun Expert Translucent Loose Powder SPF30 10g' or . = 'Belo Sun Expert Translucent Loose Powder SPF30 10g')]"}[39m
[35m[HTTP][39m [37m<-- POST /wd/hub/session/9e1eea7a-8d13-4cde-b163-6b38f3198e6b/elements [39m[32m200[39m [90m257 ms - 139[39m
[35m[HTTP][39m [90m[39m
[35m[HTTP][39m [37m-->[39m [37mGET[39m [37m/wd/hub/session/9e1eea7a-8d13-4cde-b163-6b38f3198e6b/window/rect[39m
[35m[HTTP][39m [90m{}[39m
[35m[HTTP][39m [37m<-- GET /wd/hub/session/9e1eea7a-8d13-4cde-b163-6b38f3198e6b/window/rect [39m[32m200[39m [90m16 ms - 50[39m
[35m[HTTP][39m [90m[39m
[35m[HTTP][39m [37m-->[39m [37mPOST[39m [37m/wd/hub/session/9e1eea7a-8d13-4cde-b163-6b38f3198e6b/elements[39m
[35m[HTTP][39m [90m{"using":"xpath","value":"//*[@class = 'android.widget.TextView' and (@text = 'Belo Sun Expert Translucent Loose Powder SPF30 10g' or . = 'Belo Sun Expert Translucent Loose Powder SPF30 10g')]"}[39m
[35m[HTTP][39m [37m<-- POST /wd/hub/session/9e1eea7a-8d13-4cde-b163-6b38f3198e6b/elements [39m[32m200[39m [90m200 ms - 139[39m
[35m[HTTP][39m [90m[39m
[35m[HTTP][39m [37m-->[39m [37mGET[39m [37m/wd/hub/session/9e1eea7a-8d13-4cde-b163-6b38f3198e6b/element/00000000-0000-0008-ffff-ffff00000148/location[39m
[35m[HTTP][39m [90m{}[39m
[35m[W3C (9e1eea7a)][39m Driver proxy active, passing request on via HTTP proxy
[35m[WD Proxy][39m Replacing sessionId 168a2bed-1c9d-4495-8c90-3aa966b039ea with 9e1eea7a-8d13-4cde-b163-6b38f3198e6b
[35m[HTTP][39m [37m<-- GET /wd/hub/session/9e1eea7a-8d13-4cde-b163-6b38f3198e6b/element/00000000-0000-0008-ffff-ffff00000148/location [39m[32m200[39m [90m17 ms - 77[39m
[35m[HTTP][39m [90m[39m
[35m[HTTP][39m [37m-->[39m [37mPOST[39m [37m/wd/hub/session/9e1eea7a-8d13-4cde-b163-6b38f3198e6b/element/00000000-0000-0008-ffff-ffff00000148/click[39m
[35m[HTTP][39m [90m{"id":"00000000-0000-0008-ffff-ffff00000148"}[39m
[35m[HTTP][39m [37m<-- POST /wd/hub/session/9e1eea7a-8d13-4cde-b163-6b38f3198e6b/element/00000000-0000-0008-ffff-ffff00000148/click [39m[32m200[39m [90m23 ms - 14[39m
[35m[HTTP][39m [90m[39m
[35m[HTTP][39m [37m-->[39m [37mGET[39m [37m/wd/hub/session/9e1eea7a-8d13-4cde-b163-6b38f3198e6b/source[39m
[35m[HTTP][39m [90m{}[39m
[35m[W3C (9e1eea7a)][39m Driver proxy active, passing request on via HTTP proxy
[35m[WD Proxy][39m Replacing sessionId 168a2bed-1c9d-4495-8c90-3aa966b039ea with 9e1eea7a-8d13-4cde-b163-6b38f3198e6b
[35m[HTTP][39m [37m<-- GET /wd/hub/session/9e1eea7a-8d13-4cde-b163-6b38f3198e6b/source [39m[32m200[39m [90m676 ms - 24873[39m
[35m[HTTP][39m [90m[39m
[35m[HTTP][39m [37m-->[39m [37mGET[39m [37m/wd/hub/session/9e1eea7a-8d13-4cde-b163-6b38f3198e6b/screenshot[39m
[35m[HTTP][39m [90m{}[39m
[35m[HTTP][39m [37m<-- GET /wd/hub/session/9e1eea7a-8d13-4cde-b163-6b38f3198e6b/screenshot [39m[32m200[39m [90m515 ms - 489082[39m
[35m[HTTP][39m [90m[39m
[35m[HTTP][39m [37m-->[39m [37mPOST[39m [37m/wd/hub/session/9e1eea7a-8d13-4cde-b163-6b38f3198e6b/elements[39m
[35m[HTTP][39m [90m{"using":"xpath","value":"//*[@class = 'android.widget.EditText' and (@text = '1' or . = '1')]"}[39m
[35m[HTTP][39m [37m<-- POST /wd/hub/session/9e1eea7a-8d13-4cde-b163-6b38f3198e6b/elements [39m[32m200[39m [90m118 ms - 139[39m
[35m[HTTP][39m [90m[39m
[35m[HTTP][39m [37m-->[39m [37mGET[39m [37m/wd/hub/session/9e1eea7a-8d13-4cde-b163-6b38f3198e6b/window/rect[39m
[35m[HTTP][39m [90m{}[39m
[35m[HTTP][39m [37m<-- GET /wd/hub/session/9e1eea7a-8d13-4cde-b163-6b38f3198e6b/window/rect [39m[32m200[39m [90m13 ms - 50[39m
[35m[HTTP][39m [90m[39m
[35m[HTTP][39m [37m-->[39m [37mPOST[39m [37m/wd/hub/session/9e1eea7a-8d13-4cde-b163-6b38f3198e6b/elements[39m
[35m[HTTP][39m [90m{"using":"xpath","value":"//*[@class = 'android.widget.EditText' and (@text = '1' or . = '1')]"}[39m
[35m[HTTP][39m [37m<-- POST /wd/hub/session/9e1eea7a-8d13-4cde-b163-6b38f3198e6b/elements [39m[32m200[39m [90m153 ms - 139[39m
[35m[HTTP][39m [90m[39m
[35m[HTTP][39m [37m-->[39m [37mGET[39m [37m/wd/hub/session/9e1eea7a-8d13-4cde-b163-6b38f3198e6b/element/00000000-0000-0008-ffff-ffff0000017b/location[39m
[35m[HTTP][39m [90m{}[39m
[35m[W3C (9e1eea7a)][39m Driver proxy active, passing request on via HTTP proxy
[35m[WD Proxy][39m Replacing sessionId 168a2bed-1c9d-4495-8c90-3aa966b039ea with 9e1eea7a-8d13-4cde-b163-6b38f3198e6b
[35m[HTTP][39m [37m<-- GET /wd/hub/session/9e1eea7a-8d13-4cde-b163-6b38f3198e6b/element/00000000-0000-0008-ffff-ffff0000017b/location [39m[32m200[39m [90m16 ms - 79[39m
[35m[HTTP][39m [90m[39m
[35m[HTTP][39m [37m-->[39m [37mPOST[39m [37m/wd/hub/session/9e1eea7a-8d13-4cde-b163-6b38f3198e6b/element/00000000-0000-0008-ffff-ffff0000017b/clear[39m
[35m[HTTP][39m [90m{"id":"00000000-0000-0008-ffff-ffff0000017b"}[39m
[35m[HTTP][39m [37m<-- POST /wd/hub/session/9e1eea7a-8d13-4cde-b163-6b38f3198e6b/element/00000000-0000-0008-ffff-ffff0000017b/clear [39m[32m200[39m [90m17 ms - 14[39m
[35m[HTTP][39m [90m[39m
[35m[HTTP][39m [37m-->[39m [37mPOST[39m [37m/wd/hub/session/9e1eea7a-8d13-4cde-b163-6b38f3198e6b/element/00000000-0000-0008-ffff-ffff0000017b/value[39m
[35m[HTTP][39m [90m{"id":"00000000-0000-0008-ffff-ffff0000017b","text":"5","value":["5"]}[39m
[35m[HTTP][39m [37m<-- POST /wd/hub/session/9e1eea7a-8d13-4cde-b163-6b38f3198e6b/element/00000000-0000-0008-ffff-ffff0000017b/value [39m[32m200[39m [90m595 ms - 14[39m
[35m[HTTP][39m [90m[39m
[35m[HTTP][39m [37m-->[39m [37mGET[39m [37m/wd/hub/session/9e1eea7a-8d13-4cde-b163-6b38f3198e6b/source[39m
[35m[HTTP][39m [90m{}[39m
[35m[W3C (9e1eea7a)][39m Driver proxy active, passing request on via HTTP proxy
[35m[WD Proxy][39m Replacing sessionId 168a2bed-1c9d-4495-8c90-3aa966b039ea with 9e1eea7a-8d13-4cde-b163-6b38f3198e6b
[35m[HTTP][39m [37m<-- GET /wd/hub/session/9e1eea7a-8d13-4cde-b163-6b38f3198e6b/source [39m[32m200[39m [90m100 ms - 24873[39m
[35m[HTTP][39m [90m[39m
[35m[HTTP][39m [37m-->[39m [37mGET[39m [37m/wd/hub/session/9e1eea7a-8d13-4cde-b163-6b38f3198e6b/screenshot[39m
[35m[HTTP][39m [90m{}[39m
[35m[HTTP][39m [37m<-- GET /wd/hub/session/9e1eea7a-8d13-4cde-b163-6b38f3198e6b/screenshot [39m[32m200[39m [90m403 ms - 490304[39m
[35m[HTTP][39m [90m[39m
[35m[HTTP][39m [37m-->[39m [37mPOST[39m [37m/wd/hub/session/9e1eea7a-8d13-4cde-b163-6b38f3198e6b/elements[39m
[35m[HTTP][39m [90m{"using":"xpath","value":"//*[@class = 'android.widget.TextView' and (@text = 'Add to Bag' or . = 'Add to Bag')]"}[39m
[35m[HTTP][39m [37m<-- POST /wd/hub/session/9e1eea7a-8d13-4cde-b163-6b38f3198e6b/elements [39m[32m200[39m [90m151 ms - 139[39m
[35m[HTTP][39m [90m[39m
[35m[HTTP][39m [37m-->[39m [37mGET[39m [37m/wd/hub/session/9e1eea7a-8d13-4cde-b163-6b38f3198e6b/window/rect[39m
[35m[HTTP][39m [90m{}[39m
[35m[HTTP][39m [37m<-- GET /wd/hub/session/9e1eea7a-8d13-4cde-b163-6b38f3198e6b/window/rect [39m[32m200[39m [90m17 ms - 50[39m
[35m[HTTP][39m [90m[39m
[35m[HTTP][39m [37m-->[39m [37mPOST[39m [37m/wd/hub/session/9e1eea7a-8d13-4cde-b163-6b38f3198e6b/elements[39m
[35m[HTTP][39m [90m{"using":"xpath","value":"//*[@class = 'android.widget.TextView' and (@text = 'Add to Bag' or . = 'Add to Bag')]"}[39m
[35m[HTTP][39m [37m<-- POST /wd/hub/session/9e1eea7a-8d13-4cde-b163-6b38f3198e6b/elements [39m[32m200[39m [90m122 ms - 139[39m
[35m[HTTP][39m [90m[39m
[35m[HTTP][39m [37m-->[39m [37mGET[39m [37m/wd/hub/session/9e1eea7a-8d13-4cde-b163-6b38f3198e6b/element/00000000-0000-0008-ffff-ffff00000183/location[39m
[35m[HTTP][39m [90m{}[39m
[35m[W3C (9e1eea7a)][39m Driver proxy active, passing request on via HTTP proxy
[35m[WD Proxy][39m Replacing sessionId 168a2bed-1c9d-4495-8c90-3aa966b039ea with 9e1eea7a-8d13-4cde-b163-6b38f3198e6b
[35m[HTTP][39m [37m<-- GET /wd/hub/session/9e1eea7a-8d13-4cde-b163-6b38f3198e6b/element/00000000-0000-0008-ffff-ffff00000183/location [39m[32m200[39m [90m14 ms - 78[39m
[35m[HTTP][39m [90m[39m
[35m[HTTP][39m [37m-->[39m [37mPOST[39m [37m/wd/hub/session/9e1eea7a-8d13-4cde-b163-6b38f3198e6b/element/00000000-0000-0008-ffff-ffff00000183/click[39m
[35m[HTTP][39m [90m{"id":"00000000-0000-0008-ffff-ffff00000183"}[39m
[35m[HTTP][39m [37m<-- POST /wd/hub/session/9e1eea7a-8d13-4cde-b163-6b38f3198e6b/element/00000000-0000-0008-ffff-ffff00000183/click [39m[32m200[39m [90m19 ms - 14[39m
[35m[HTTP][39m [90m[39m
[35m[HTTP][39m [37m-->[39m [37mGET[39m [37m/wd/hub/session/9e1eea7a-8d13-4cde-b163-6b38f3198e6b/source[39m
[35m[HTTP][39m [90m{}[39m
[35m[W3C (9e1eea7a)][39m Driver proxy active, passing request on via HTTP proxy
[35m[WD Proxy][39m Replacing sessionId 168a2bed-1c9d-4495-8c90-3aa966b039ea with 9e1eea7a-8d13-4cde-b163-6b38f3198e6b
[35m[HTTP][39m [37m<-- GET /wd/hub/session/9e1eea7a-8d13-4cde-b163-6b38f3198e6b/source [39m[32m200[39m [90m592 ms - 25792[39m
[35m[HTTP][39m [90m[39m
[35m[HTTP][39m [37m-->[39m [37mGET[39m [37m/wd/hub/session/9e1eea7a-8d13-4cde-b163-6b38f3198e6b/screenshot[39m
[35m[HTTP][39m [90m{}[39m
[35m[HTTP][39m [37m<-- GET /wd/hub/session/9e1eea7a-8d13-4cde-b163-6b38f3198e6b/screenshot [39m[32m200[39m [90m500 ms - 486894[39m
[35m[HTTP][39m [90m[39m
[35m[HTTP][39m [37m-->[39m [37mGET[39m [37m/wd/hub/session/9e1eea7a-8d13-4cde-b163-6b38f3198e6b/source[39m
[35m[HTTP][39m [90m{}[39m
[35m[W3C (9e1eea7a)][39m Driver proxy active, passing request on via HTTP proxy
[35m[WD Proxy][39m Replacing sessionId 168a2bed-1c9d-4495-8c90-3aa966b039ea with 9e1eea7a-8d13-4cde-b163-6b38f3198e6b
[35m[HTTP][39m [37m<-- GET /wd/hub/session/9e1eea7a-8d13-4cde-b163-6b38f3198e6b/source [39m[32m200[39m [90m171 ms - 25727[39m
[35m[HTTP][39m [90m[39m
[35m[HTTP][39m [37m-->[39m [37mGET[39m [37m/wd/hub/session/9e1eea7a-8d13-4cde-b163-6b38f3198e6b/screenshot[39m
[35m[HTTP][39m [90m{}[39m
[35m[HTTP][39m [37m<-- GET /wd/hub/session/9e1eea7a-8d13-4cde-b163-6b38f3198e6b/screenshot [39m[32m200[39m [90m466 ms - 490974[39m
[35m[HTTP][39m [90m[39m
[35m[HTTP][39m [37m-->[39m [37mPOST[39m [37m/wd/hub/session/9e1eea7a-8d13-4cde-b163-6b38f3198e6b/elements[39m
[35m[HTTP][39m [90m{"using":"xpath","value":"//*[@class = 'android.widget.ImageView' and (@text = '' or . = '')]"}[39m
[35m[HTTP][39m [37m<-- POST /wd/hub/session/9e1eea7a-8d13-4cde-b163-6b38f3198e6b/elements [39m[32m200[39m [90m143 ms - 907[39m
[35m[HTTP][39m [90m[39m
[35m[HTTP][39m [37m-->[39m [37mPOST[39m [37m/wd/hub/session/9e1eea7a-8d13-4cde-b163-6b38f3198e6b/elements[39m
[35m[HTTP][39m [90m{"using":"-android uiautomator","value":"new UiSelector().className(\"android.widget.ImageView\")"}[39m
[35m[HTTP][39m [37m<-- POST /wd/hub/session/9e1eea7a-8d13-4cde-b163-6b38f3198e6b/elements [39m[32m200[39m [90m82 ms - 907[39m
[35m[HTTP][39m [90m[39m
[35m[HTTP][39m [37m-->[39m [37mGET[39m [37m/wd/hub/session/9e1eea7a-8d13-4cde-b163-6b38f3198e6b/window/rect[39m
[35m[HTTP][39m [90m{}[39m
[35m[HTTP][39m [37m<-- GET /wd/hub/session/9e1eea7a-8d13-4cde-b163-6b38f3198e6b/window/rect [39m[32m200[39m [90m12 ms - 50[39m
[35m[HTTP][39m [90m[39m
[35m[HTTP][39m [37m-->[39m [37mPOST[39m [37m/wd/hub/session/9e1eea7a-8d13-4cde-b163-6b38f3198e6b/elements[39m
[35m[HTTP][39m [90m{"using":"xpath","value":"//hierarchy/android.widget.FrameLayout[1]/android.widget.LinearLayout[1]/android.widget.FrameLayout[1]/android.widget.LinearLayout[1]/android.widget.FrameLayout[1]/android.widget.FrameLayout[1]/android.view.ViewGroup[1]/android.view.ViewGroup[2]/android.view.ViewGroup[2]/android.view.ViewGroup[3]/android.widget.ImageView[1]"}[39m
[35m[HTTP][39m [37m<-- POST /wd/hub/session/9e1eea7a-8d13-4cde-b163-6b38f3198e6b/elements [39m[32m200[39m [90m116 ms - 139[39m
[35m[HTTP][39m [90m[39m
[35m[HTTP][39m [37m-->[39m [37mGET[39m [37m/wd/hub/session/9e1eea7a-8d13-4cde-b163-6b38f3198e6b/element/00000000-0000-0008-ffff-ffff000000aa/location[39m
[35m[HTTP][39m [90m{}[39m
[35m[W3C (9e1eea7a)][39m Driver proxy active, passing request on via HTTP proxy
[35m[WD Proxy][39m Replacing sessionId 168a2bed-1c9d-4495-8c90-3aa966b039ea with 9e1eea7a-8d13-4cde-b163-6b38f3198e6b
[35m[HTTP][39m [37m<-- GET /wd/hub/session/9e1eea7a-8d13-4cde-b163-6b38f3198e6b/element/00000000-0000-0008-ffff-ffff000000aa/location [39m[32m200[39m [90m19 ms - 79[39m
[35m[HTTP][39m [90m[39m
[35m[HTTP][39m [37m-->[39m [37mPOST[39m [37m/wd/hub/session/9e1eea7a-8d13-4cde-b163-6b38f3198e6b/element/00000000-0000-0008-ffff-ffff000000aa/click[39m
[35m[HTTP][39m [90m{"id":"00000000-0000-0008-ffff-ffff000000aa"}[39m
[35m[HTTP][39m [37m<-- POST /wd/hub/session/9e1eea7a-8d13-4cde-b163-6b38f3198e6b/element/00000000-0000-0008-ffff-ffff000000aa/click [39m[32m200[39m [90m22 ms - 14[39m
[35m[HTTP][39m [90m[39m
[35m[HTTP][39m [37m-->[39m [37mGET[39m [37m/wd/hub/session/9e1eea7a-8d13-4cde-b163-6b38f3198e6b/source[39m
[35m[HTTP][39m [90m{}[39m
[35m[W3C (9e1eea7a)][39m Driver proxy active, passing request on via HTTP proxy
[35m[WD Proxy][39m Replacing sessionId 168a2bed-1c9d-4495-8c90-3aa966b039ea with 9e1eea7a-8d13-4cde-b163-6b38f3198e6b
[35m[HTTP][39m [37m<-- GET /wd/hub/session/9e1eea7a-8d13-4cde-b163-6b38f3198e6b/source [39m[32m200[39m [90m220 ms - 25439[39m
[35m[HTTP][39m [90m[39m
[35m[HTTP][39m [37m-->[39m [37mGET[39m [37m/wd/hub/session/9e1eea7a-8d13-4cde-b163-6b38f3198e6b/screenshot[39m
[35m[HTTP][39m [90m{}[39m
[35m[HTTP][39m [37m<-- GET /wd/hub/session/9e1eea7a-8d13-4cde-b163-6b38f3198e6b/screenshot [39m[32m200[39m [90m305 ms - 164708[39m
[35m[HTTP][39m [90m[39m
[35m[HTTP][39m [37m-->[39m [37mPOST[39m [37m/wd/hub/session/9e1eea7a-8d13-4cde-b163-6b38f3198e6b/elements[39m
[35m[HTTP][39m [90m{"using":"xpath","value":"//*[@class = 'android.widget.TextView' and (@text = 'Checkout' or . = 'Checkout')]"}[39m
[35m[HTTP][39m [37m<-- POST /wd/hub/session/9e1eea7a-8d13-4cde-b163-6b38f3198e6b/elements [39m[32m200[39m [90m105 ms - 139[39m
[35m[HTTP][39m [90m[39m
[35m[HTTP][39m [37m-->[39m [37mGET[39m [37m/wd/hub/session/9e1eea7a-8d13-4cde-b163-6b38f3198e6b/window/rect[39m
[35m[HTTP][39m [90m{}[39m
[35m[HTTP][39m [37m<-- GET /wd/hub/session/9e1eea7a-8d13-4cde-b163-6b38f3198e6b/window/rect [39m[32m200[39m [90m12 ms - 50[39m
[35m[HTTP][39m [90m[39m
[35m[HTTP][39m [37m-->[39m [37mPOST[39m [37m/wd/hub/session/9e1eea7a-8d13-4cde-b163-6b38f3198e6b/elements[39m
[35m[HTTP][39m [90m{"using":"xpath","value":"//*[@class = 'android.widget.TextView' and (@text = 'Checkout' or . = 'Checkout')]"}[39m
[35m[HTTP][39m [37m<-- POST /wd/hub/session/9e1eea7a-8d13-4cde-b163-6b38f3198e6b/elements [39m[32m200[39m [90m106 ms - 139[39m
[35m[HTTP][39m [90m[39m
[35m[HTTP][39m [37m-->[39m [37mGET[39m [37m/wd/hub/session/9e1eea7a-8d13-4cde-b163-6b38f3198e6b/element/00000000-0000-0008-ffff-ffff0000019d/location[39m
[35m[HTTP][39m [90m{}[39m
[35m[W3C (9e1eea7a)][39m Driver proxy active, passing request on via HTTP proxy
[35m[WD Proxy][39m Replacing sessionId 168a2bed-1c9d-4495-8c90-3aa966b039ea with 9e1eea7a-8d13-4cde-b163-6b38f3198e6b
[35m[HTTP][39m [37m<-- GET /wd/hub/session/9e1eea7a-8d13-4cde-b163-6b38f3198e6b/element/00000000-0000-0008-ffff-ffff0000019d/location [39m[32m200[39m [90m16 ms - 78[39m
[35m[HTTP][39m [90m[39m
[35m[HTTP][39m [37m-->[39m [37mPOST[39m [37m/wd/hub/session/9e1eea7a-8d13-4cde-b163-6b38f3198e6b/element/00000000-0000-0008-ffff-ffff0000019d/click[39m
[35m[HTTP][39m [90m{"id":"00000000-0000-0008-ffff-ffff0000019d"}[39m
[35m[HTTP][39m [37m<-- POST /wd/hub/session/9e1eea7a-8d13-4cde-b163-6b38f3198e6b/element/00000000-0000-0008-ffff-ffff0000019d/click [39m[32m200[39m [90m19 ms - 14[39m
[35m[HTTP][39m [90m[39m
[35m[HTTP][39m [37m-->[39m [37mGET[39m [37m/wd/hub/session/9e1eea7a-8d13-4cde-b163-6b38f3198e6b/source[39m
[35m[HTTP][39m [90m{}[39m
[35m[W3C (9e1eea7a)][39m Driver proxy active, passing request on via HTTP proxy
[35m[WD Proxy][39m Replacing sessionId 168a2bed-1c9d-4495-8c90-3aa966b039ea with 9e1eea7a-8d13-4cde-b163-6b38f3198e6b
[35m[HTTP][39m [37m<-- GET /wd/hub/session/9e1eea7a-8d13-4cde-b163-6b38f3198e6b/source [39m[32m200[39m [90m1150 ms - 7754[39m
[35m[HTTP][39m [90m[39m
[35m[HTTP][39m [37m-->[39m [37mGET[39m [37m/wd/hub/session/9e1eea7a-8d13-4cde-b163-6b38f3198e6b/screenshot[39m
[35m[HTTP][39m [90m{}[39m
[35m[HTTP][39m [37m<-- GET /wd/hub/session/9e1eea7a-8d13-4cde-b163-6b38f3198e6b/screenshot [39m[32m200[39m [90m476 ms - 171888[39m
[35m[HTTP][39m [90m[39m
[35m[HTTP][39m [37m-->[39m [37mPOST[39m [37m/wd/hub/session/9e1eea7a-8d13-4cde-b163-6b38f3198e6b/elements[39m
[35m[HTTP][39m [90m{"using":"xpath","value":"//*[@class = 'android.widget.TextView' and (@text = 'Chrome' or . = 'Chrome') and @resource-id = 'android:id/text1']"}[39m
[35m[HTTP][39m [37m<-- POST /wd/hub/session/9e1eea7a-8d13-4cde-b163-6b38f3198e6b/elements [39m[32m200[39m [90m72 ms - 139[39m
[35m[HTTP][39m [90m[39m
[35m[HTTP][39m [37m-->[39m [37mGET[39m [37m/wd/hub/session/9e1eea7a-8d13-4cde-b163-6b38f3198e6b/window/rect[39m
[35m[HTTP][39m [90m{}[39m
[35m[HTTP][39m [37m<-- GET /wd/hub/session/9e1eea7a-8d13-4cde-b163-6b38f3198e6b/window/rect [39m[32m200[39m [90m13 ms - 50[39m
[35m[HTTP][39m [90m[39m
[35m[HTTP][39m [37m-->[39m [37mPOST[39m [37m/wd/hub/session/9e1eea7a-8d13-4cde-b163-6b38f3198e6b/elements[39m
[35m[HTTP][39m [90m{"using":"xpath","value":"//*[@class = 'android.widget.TextView' and (@text = 'Chrome' or . = 'Chrome') and @resource-id = 'android:id/text1']"}[39m
[35m[HTTP][39m [37m<-- POST /wd/hub/session/9e1eea7a-8d13-4cde-b163-6b38f3198e6b/elements [39m[32m200[39m [90m49 ms - 139[39m
[35m[HTTP][39m [90m[39m
[35m[HTTP][39m [37m-->[39m [37mGET[39m [37m/wd/hub/session/9e1eea7a-8d13-4cde-b163-6b38f3198e6b/element/00000000-0000-0009-ffff-ffff00000011/location[39m
[35m[HTTP][39m [90m{}[39m
[35m[W3C (9e1eea7a)][39m Driver proxy active, passing request on via HTTP proxy
[35m[WD Proxy][39m Replacing sessionId 168a2bed-1c9d-4495-8c90-3aa966b039ea with 9e1eea7a-8d13-4cde-b163-6b38f3198e6b
[35m[HTTP][39m [37m<-- GET /wd/hub/session/9e1eea7a-8d13-4cde-b163-6b38f3198e6b/element/00000000-0000-0009-ffff-ffff00000011/location [39m[32m200[39m [90m16 ms - 79[39m
[35m[HTTP][39m [90m[39m
[35m[HTTP][39m [37m-->[39m [37mPOST[39m [37m/wd/hub/session/9e1eea7a-8d13-4cde-b163-6b38f3198e6b/element/00000000-0000-0009-ffff-ffff00000011/click[39m
[35m[HTTP][39m [90m{"id":"00000000-0000-0009-ffff-ffff00000011"}[39m
[35m[HTTP][39m [37m<-- POST /wd/hub/session/9e1eea7a-8d13-4cde-b163-6b38f3198e6b/element/00000000-0000-0009-ffff-ffff00000011/click [39m[32m200[39m [90m669 ms - 14[39m
[35m[HTTP][39m [90m[39m
[35m[HTTP][39m [37m-->[39m [37mGET[39m [37m/wd/hub/session/9e1eea7a-8d13-4cde-b163-6b38f3198e6b/source[39m
[35m[HTTP][39m [90m{}[39m
[35m[W3C (9e1eea7a)][39m Driver proxy active, passing request on via HTTP proxy
[35m[WD Proxy][39m Replacing sessionId 168a2bed-1c9d-4495-8c90-3aa966b039ea with 9e1eea7a-8d13-4cde-b163-6b38f3198e6b
[35m[HTTP][39m [37m<-- GET /wd/hub/session/9e1eea7a-8d13-4cde-b163-6b38f3198e6b/source [39m[32m200[39m [90m94 ms - 7752[39m
[35m[HTTP][39m [90m[39m
[35m[HTTP][39m [37m-->[39m [37mGET[39m [37m/wd/hub/session/9e1eea7a-8d13-4cde-b163-6b38f3198e6b/screenshot[39m
[35m[HTTP][39m [90m{}[39m
[35m[HTTP][39m [37m<-- GET /wd/hub/session/9e1eea7a-8d13-4cde-b163-6b38f3198e6b/screenshot [39m[32m200[39m [90m402 ms - 174552[39m
[35m[HTTP][39m [90m[39m
[35m[HTTP][39m [37m-->[39m [37mPOST[39m [37m/wd/hub/session/9e1eea7a-8d13-4cde-b163-6b38f3198e6b/elements[39m
[35m[HTTP][39m [90m{"using":"xpath","value":"//*[@class = 'android.widget.Button' and (@text = 'ALWAYS' or . = 'ALWAYS') and @resource-id = 'android:id/button_always']"}[39m
[35m[HTTP][39m [37m<-- POST /wd/hub/session/9e1eea7a-8d13-4cde-b163-6b38f3198e6b/elements [39m[32m200[39m [90m60 ms - 139[39m
[35m[HTTP][39m [90m[39m
[35m[HTTP][39m [37m-->[39m [37mGET[39m [37m/wd/hub/session/9e1eea7a-8d13-4cde-b163-6b38f3198e6b/window/rect[39m
[35m[HTTP][39m [90m{}[39m
[35m[HTTP][39m [37m<-- GET /wd/hub/session/9e1eea7a-8d13-4cde-b163-6b38f3198e6b/window/rect [39m[32m200[39m [90m16 ms - 50[39m
[35m[HTTP][39m [90m[39m
[35m[HTTP][39m [37m-->[39m [37mPOST[39m [37m/wd/hub/session/9e1eea7a-8d13-4cde-b163-6b38f3198e6b/elements[39m
[35m[HTTP][39m [90m{"using":"xpath","value":"//*[@class = 'android.widget.Button' and (@text = 'ALWAYS' or . = 'ALWAYS') and @resource-id = 'android:id/button_always']"}[39m
[35m[HTTP][39m [37m<-- POST /wd/hub/session/9e1eea7a-8d13-4cde-b163-6b38f3198e6b/elements [39m[32m200[39m [90m56 ms - 139[39m
[35m[HTTP][39m [90m[39m
[35m[HTTP][39m [37m-->[39m [37mGET[39m [37m/wd/hub/session/9e1eea7a-8d13-4cde-b163-6b38f3198e6b/element/00000000-0000-0009-ffff-ffff0000000b/location[39m
[35m[HTTP][39m [90m{}[39m
[35m[W3C (9e1eea7a)][39m Driver proxy active, passing request on via HTTP proxy
[35m[WD Proxy][39m Replacing sessionId 168a2bed-1c9d-4495-8c90-3aa966b039ea with 9e1eea7a-8d13-4cde-b163-6b38f3198e6b
[35m[HTTP][39m [37m<-- GET /wd/hub/session/9e1eea7a-8d13-4cde-b163-6b38f3198e6b/element/00000000-0000-0009-ffff-ffff0000000b/location [39m[32m200[39m [90m14 ms - 79[39m
[35m[HTTP][39m [90m[39m
[35m[HTTP][39m [37m-->[39m [37mPOST[39m [37m/wd/hub/session/9e1eea7a-8d13-4cde-b163-6b38f3198e6b/element/00000000-0000-0009-ffff-ffff0000000b/click[39m
[35m[HTTP][39m [90m{"id":"00000000-0000-0009-ffff-ffff0000000b"}[39m
[35m[HTTP][39m [37m<-- POST /wd/hub/session/9e1eea7a-8d13-4cde-b163-6b38f3198e6b/element/00000000-0000-0009-ffff-ffff0000000b/click [39m[32m200[39m [90m21 ms - 14[39m
[35m[HTTP][39m [90m[39m
[35m[HTTP][39m [37m-->[39m [37mGET[39m [37m/wd/hub/session/9e1eea7a-8d13-4cde-b163-6b38f3198e6b/source[39m
[35m[HTTP][39m [90m{}[39m
[35m[W3C (9e1eea7a)][39m Driver proxy active, passing request on via HTTP proxy
[35m[WD Proxy][39m Replacing sessionId 168a2bed-1c9d-4495-8c90-3aa966b039ea with 9e1eea7a-8d13-4cde-b163-6b38f3198e6b
[35m[HTTP][39m [37m<-- GET /wd/hub/session/9e1eea7a-8d13-4cde-b163-6b38f3198e6b/source [39m[32m200[39m [90m1493 ms - 7613[39m
[35m[HTTP][39m [90m[39m
[35m[HTTP][39m [37m-->[39m [37mGET[39m [37m/wd/hub/session/9e1eea7a-8d13-4cde-b163-6b38f3198e6b/screenshot[39m
[35m[HTTP][39m [90m{}[39m
[35m[HTTP][39m [37m<-- GET /wd/hub/session/9e1eea7a-8d13-4cde-b163-6b38f3198e6b/screenshot [39m[32m200[39m [90m340 ms - 189020[39m
[35m[HTTP][39m [90m[39m
[35m[HTTP][39m [37m-->[39m [37mPOST[39m [37m/wd/hub/session/9e1eea7a-8d13-4cde-b163-6b38f3198e6b/elements[39m
[35m[HTTP][39m [90m{"using":"xpath","value":"//*[@class = 'android.widget.Button' and (@text = 'ACCEPT & CONTINUE' or . = 'ACCEPT & CONTINUE') and @resource-id = 'com.android.chrome:id/terms_accept']"}[39m
[35m[HTTP][39m [37m<-- POST /wd/hub/session/9e1eea7a-8d13-4cde-b163-6b38f3198e6b/elements [39m[32m200[39m [90m42 ms - 139[39m
[35m[HTTP][39m [90m[39m
[35m[HTTP][39m [37m-->[39m [37mGET[39m [37m/wd/hub/session/9e1eea7a-8d13-4cde-b163-6b38f3198e6b/window/rect[39m
[35m[HTTP][39m [90m{}[39m
[35m[HTTP][39m [37m<-- GET /wd/hub/session/9e1eea7a-8d13-4cde-b163-6b38f3198e6b/window/rect [39m[32m200[39m [90m9 ms - 50[39m
[35m[HTTP][39m [90m[39m
[35m[HTTP][39m [37m-->[39m [37mPOST[39m [37m/wd/hub/session/9e1eea7a-8d13-4cde-b163-6b38f3198e6b/elements[39m
[35m[HTTP][39m [90m{"using":"xpath","value":"//*[@class = 'android.widget.Button' and (@text = 'ACCEPT & CONTINUE' or . = 'ACCEPT & CONTINUE') and @resource-id = 'com.android.chrome:id/terms_accept']"}[39m
[35m[HTTP][39m [37m<-- POST /wd/hub/session/9e1eea7a-8d13-4cde-b163-6b38f3198e6b/elements [39m[32m200[39m [90m35 ms - 139[39m
[35m[HTTP][39m [90m[39m
[35m[HTTP][39m [37m-->[39m [37mGET[39m [37m/wd/hub/session/9e1eea7a-8d13-4cde-b163-6b38f3198e6b/element/00000000-0000-000b-ffff-ffff00000009/location[39m
[35m[HTTP][39m [90m{}[39m
[35m[W3C (9e1eea7a)][39m Driver proxy active, passing request on via HTTP proxy
[35m[WD Proxy][39m Replacing sessionId 168a2bed-1c9d-4495-8c90-3aa966b039ea with 9e1eea7a-8d13-4cde-b163-6b38f3198e6b
[35m[HTTP][39m [37m<-- GET /wd/hub/session/9e1eea7a-8d13-4cde-b163-6b38f3198e6b/element/00000000-0000-000b-ffff-ffff00000009/location [39m[32m200[39m [90m10 ms - 79[39m
[35m[HTTP][39m [90m[39m
[35m[HTTP][39m [37m-->[39m [37mPOST[39m [37m/wd/hub/session/9e1eea7a-8d13-4cde-b163-6b38f3198e6b/element/00000000-0000-000b-ffff-ffff00000009/click[39m
[35m[HTTP][39m [90m{"id":"00000000-0000-000b-ffff-ffff00000009"}[39m
[35m[HTTP][39m [37m<-- POST /wd/hub/session/9e1eea7a-8d13-4cde-b163-6b38f3198e6b/element/00000000-0000-000b-ffff-ffff00000009/click [39m[32m200[39m [90m17 ms - 14[39m
[35m[HTTP][39m [90m[39m
[35m[HTTP][39m [37m-->[39m [37mGET[39m [37m/wd/hub/session/9e1eea7a-8d13-4cde-b163-6b38f3198e6b/source[39m
[35m[HTTP][39m [90m{}[39m
[35m[W3C (9e1eea7a)][39m Driver proxy active, passing request on via HTTP proxy
[35m[WD Proxy][39m Replacing sessionId 168a2bed-1c9d-4495-8c90-3aa966b039ea with 9e1eea7a-8d13-4cde-b163-6b38f3198e6b
[35m[HTTP][39m [37m<-- GET /wd/hub/session/9e1eea7a-8d13-4cde-b163-6b38f3198e6b/source [39m[32m200[39m [90m124 ms - 7508[39m
[35m[HTTP][39m [90m[39m
[35m[HTTP][39m [37m-->[39m [37mGET[39m [37m/wd/hub/session/9e1eea7a-8d13-4cde-b163-6b38f3198e6b/screenshot[39m
[35m[HTTP][39m [90m{}[39m
[35m[HTTP][39m [37m<-- GET /wd/hub/session/9e1eea7a-8d13-4cde-b163-6b38f3198e6b/screenshot [39m[32m200[39m [90m388 ms - 115158[39m
[35m[HTTP][39m [90m[39m
[35m[HTTP][39m [37m-->[39m [37mPOST[39m [37m/wd/hub/session/9e1eea7a-8d13-4cde-b163-6b38f3198e6b/elements[39m
[35m[HTTP][39m [90m{"using":"xpath","value":"//*[@class = 'android.widget.Button' and (@text = 'NO THANKS' or . = 'NO THANKS') and @resource-id = 'com.android.chrome:id/negative_button']"}[39m
[35m[HTTP][39m [37m<-- POST /wd/hub/session/9e1eea7a-8d13-4cde-b163-6b38f3198e6b/elements [39m[32m200[39m [90m41 ms - 139[39m
[35m[HTTP][39m [90m[39m
[35m[HTTP][39m [37m-->[39m [37mGET[39m [37m/wd/hub/session/9e1eea7a-8d13-4cde-b163-6b38f3198e6b/window/rect[39m
[35m[HTTP][39m [90m{}[39m
[35m[HTTP][39m [37m<-- GET /wd/hub/session/9e1eea7a-8d13-4cde-b163-6b38f3198e6b/window/rect [39m[32m200[39m [90m9 ms - 50[39m
[35m[HTTP][39m [90m[39m
[35m[HTTP][39m [37m-->[39m [37mPOST[39m [37m/wd/hub/session/9e1eea7a-8d13-4cde-b163-6b38f3198e6b/elements[39m
[35m[HTTP][39m [90m{"using":"xpath","value":"//*[@class = 'android.widget.Button' and (@text = 'NO THANKS' or . = 'NO THANKS') and @resource-id = 'com.android.chrome:id/negative_button']"}[39m
[35m[HTTP][39m [37m<-- POST /wd/hub/session/9e1eea7a-8d13-4cde-b163-6b38f3198e6b/elements [39m[32m200[39m [90m34 ms - 139[39m
[35m[HTTP][39m [90m[39m
[35m[HTTP][39m [37m-->[39m [37mGET[39m [37m/wd/hub/session/9e1eea7a-8d13-4cde-b163-6b38f3198e6b/element/00000000-0000-000b-ffff-ffff00000017/location[39m
[35m[HTTP][39m [90m{}[39m
[35m[W3C (9e1eea7a)][39m Driver proxy active, passing request on via HTTP proxy
[35m[WD Proxy][39m Replacing sessionId 168a2bed-1c9d-4495-8c90-3aa966b039ea with 9e1eea7a-8d13-4cde-b163-6b38f3198e6b
[35m[HTTP][39m [37m<-- GET /wd/hub/session/9e1eea7a-8d13-4cde-b163-6b38f3198e6b/element/00000000-0000-000b-ffff-ffff00000017/location [39m[32m200[39m [90m14 ms - 78[39m
[35m[HTTP][39m [90m[39m
[35m[HTTP][39m [37m-->[39m [37mPOST[39m [37m/wd/hub/session/9e1eea7a-8d13-4cde-b163-6b38f3198e6b/element/00000000-0000-000b-ffff-ffff00000017/click[39m
[35m[HTTP][39m [90m{"id":"00000000-0000-000b-ffff-ffff00000017"}[39m
[35m[HTTP][39m [37m<-- POST /wd/hub/session/9e1eea7a-8d13-4cde-b163-6b38f3198e6b/element/00000000-0000-000b-ffff-ffff00000017/click [39m[32m200[39m [90m17 ms - 14[39m
[35m[HTTP][39m [90m[39m
[35m[HTTP][39m [37m-->[39m [37mGET[39m [37m/wd/hub/session/9e1eea7a-8d13-4cde-b163-6b38f3198e6b/source[39m
[35m[HTTP][39m [90m{}[39m
[35m[W3C (9e1eea7a)][39m Driver proxy active, passing request on via HTTP proxy
[35m[WD Proxy][39m Replacing sessionId 168a2bed-1c9d-4495-8c90-3aa966b039ea with 9e1eea7a-8d13-4cde-b163-6b38f3198e6b
[35m[HTTP][39m [37m<-- GET /wd/hub/session/9e1eea7a-8d13-4cde-b163-6b38f3198e6b/source [39m[32m200[39m [90m1127 ms - 10218[39m
[35m[HTTP][39m [90m[39m
[35m[HTTP][39m [37m-->[39m [37mGET[39m [37m/wd/hub/session/9e1eea7a-8d13-4cde-b163-6b38f3198e6b/screenshot[39m
[35m[HTTP][39m [90m{}[39m
[35m[HTTP][39m [37m<-- GET /wd/hub/session/9e1eea7a-8d13-4cde-b163-6b38f3198e6b/screenshot [39m[32m200[39m [90m437 ms - 76942[39m
[35m[HTTP][39m [90m[39m
[35m[HTTP][39m [37m-->[39m [37mGET[39m [37m/wd/hub/session/9e1eea7a-8d13-4cde-b163-6b38f3198e6b/source[39m
[35m[HTTP][39m [90m{}[39m
[35m[W3C (9e1eea7a)][39m Driver proxy active, passing request on via HTTP proxy
[35m[WD Proxy][39m Replacing sessionId 168a2bed-1c9d-4495-8c90-3aa966b039ea with 9e1eea7a-8d13-4cde-b163-6b38f3198e6b
[35m[HTTP][39m [37m<-- GET /wd/hub/session/9e1eea7a-8d13-4cde-b163-6b38f3198e6b/source [39m[32m200[39m [90m357 ms - 57555[39m
[35m[HTTP][39m [90m[39m
[35m[HTTP][39m [37m-->[39m [37mGET[39m [37m/wd/hub/session/9e1eea7a-8d13-4cde-b163-6b38f3198e6b/screenshot[39m
[35m[HTTP][39m [90m{}[39m
[35m[HTTP][39m [37m<-- GET /wd/hub/session/9e1eea7a-8d13-4cde-b163-6b38f3198e6b/screenshot [39m[32m200[39m [90m298 ms - 354256[39m
[35m[HTTP][39m [90m[39m
[35m[HTTP][39m [37m-->[39m [37mPOST[39m [37m/wd/hub/session/9e1eea7a-8d13-4cde-b163-6b38f3198e6b/elements[39m
[35m[HTTP][39m [90m{"using":"xpath","value":"//*[@class = 'android.view.View' and (@text = 'If you have any inquiries or updates pls whatsap us at 94617563. ' or . = 'If you have any inquiries or updates pls whatsap us at 94617563. ')]"}[39m
[35m[HTTP][39m [37m<-- POST /wd/hub/session/9e1eea7a-8d13-4cde-b163-6b38f3198e6b/elements [39m[32m200[39m [90m178 ms - 139[39m
[35m[HTTP][39m [90m[39m
[35m[HTTP][39m [37m-->[39m [37mGET[39m [37m/wd/hub/session/9e1eea7a-8d13-4cde-b163-6b38f3198e6b/window/rect[39m
[35m[HTTP][39m [90m{}[39m
[35m[HTTP][39m [37m<-- GET /wd/hub/session/9e1eea7a-8d13-4cde-b163-6b38f3198e6b/window/rect [39m[32m200[39m [90m8 ms - 50[39m
[35m[HTTP][39m [90m[39m
[35m[HTTP][39m [37m-->[39m [37mPOST[39m [37m/wd/hub/session/9e1eea7a-8d13-4cde-b163-6b38f3198e6b/elements[39m
[35m[HTTP][39m [90m{"using":"xpath","value":"//*[@class = 'android.view.View' and (@text = 'If you have any inquiries or updates pls whatsap us at 94617563. ' or . = 'If you have any inquiries or updates pls whatsap us at 94617563. ')]"}[39m
[35m[HTTP][39m [37m<-- POST /wd/hub/session/9e1eea7a-8d13-4cde-b163-6b38f3198e6b/elements [39m[32m200[39m [90m137 ms - 139[39m
[35m[HTTP][39m [90m[39m
[35m[HTTP][39m [37m-->[39m [37mGET[39m [37m/wd/hub/session/9e1eea7a-8d13-4cde-b163-6b38f3198e6b/element/00000000-0000-000d-0000-00520000002e/location[39m
[35m[HTTP][39m [90m{}[39m
[35m[W3C (9e1eea7a)][39m Driver proxy active, passing request on via HTTP proxy
[35m[WD Proxy][39m Replacing sessionId 168a2bed-1c9d-4495-8c90-3aa966b039ea with 9e1eea7a-8d13-4cde-b163-6b38f3198e6b
[35m[HTTP][39m [37m<-- GET /wd/hub/session/9e1eea7a-8d13-4cde-b163-6b38f3198e6b/element/00000000-0000-000d-0000-00520000002e/location [39m[32m200[39m [90m10 ms - 77[39m
[35m[HTTP][39m [90m[39m
[35m[HTTP][39m [37m-->[39m [37mGET[39m [37m/wd/hub/session/9e1eea7a-8d13-4cde-b163-6b38f3198e6b/element/00000000-0000-000d-0000-00520000002e/text[39m
[35m[HTTP][39m [90m{}[39m
[35m[W3C (9e1eea7a)][39m Driver proxy active, passing request on via HTTP proxy
[35m[WD Proxy][39m Replacing sessionId 168a2bed-1c9d-4495-8c90-3aa966b039ea with 9e1eea7a-8d13-4cde-b163-6b38f3198e6b
[35m[HTTP][39m [37m<-- GET /wd/hub/session/9e1eea7a-8d13-4cde-b163-6b38f3198e6b/element/00000000-0000-000d-0000-00520000002e/text [39m[32m200[39m [90m7 ms - 129[39m
[35m[HTTP][39m [90m[39m
[35m[HTTP][39m [37m-->[39m [37mGET[39m [37m/wd/hub/session/9e1eea7a-8d13-4cde-b163-6b38f3198e6b/source[39m
[35m[HTTP][39m [90m{}[39m
[35m[W3C (9e1eea7a)][39m Driver proxy active, passing request on via HTTP proxy
[35m[WD Proxy][39m Replacing sessionId 168a2bed-1c9d-4495-8c90-3aa966b039ea with 9e1eea7a-8d13-4cde-b163-6b38f3198e6b
[35m[HTTP][39m [37m<-- GET /wd/hub/session/9e1eea7a-8d13-4cde-b163-6b38f3198e6b/source [39m[32m200[39m [90m246 ms - 57555[39m
[35m[HTTP][39m [90m[39m
[35m[HTTP][39m [37m-->[39m [37mGET[39m [37m/wd/hub/session/9e1eea7a-8d13-4cde-b163-6b38f3198e6b/screenshot[39m
[35m[HTTP][39m [90m{}[39m
[35m[HTTP][39m [37m<-- GET /wd/hub/session/9e1eea7a-8d13-4cde-b163-6b38f3198e6b/screenshot [39m[32m200[39m [90m373 ms - 354256[39m
[35m[HTTP][39m [90m[39m
[35m[HTTP][39m [37m-->[39m [37mDELETE[39m [37m/wd/hub/session/9e1eea7a-8d13-4cde-b163-6b38f3198e6b[39m
[35m[HTTP][39m [90m{}[39m
[35m[Appium][39m Removing session 9e1eea7a-8d13-4cde-b163-6b38f3198e6b from our master session list
[35m[HTTP][39m [37m<-- DELETE /wd/hub/session/9e1eea7a-8d13-4cde-b163-6b38f3198e6b [39m[32m200[39m [90m143 ms - 14[39m
[35m[HTTP][39m [90m[39m
